[38;5;127mlibs[0m/[38;5;172mnvidia-cuda[0m/[38;5;67m11.2.0[0m/[38;5;68mbin[0m
 |
 [0;32mOK[0m
unknown option --3.12.1
usage: /users/adfx758/.pyenv/versions/Construction/bin/python [option] ... [-c cmd | -m mod | file | -] [arg] ...
Try `python -h' for more information.
/users/adfx758/.pyenv/versions/Construction/lib/python3.12/site-packages/torch/utils/data/dataloader.py:557: UserWarning: This DataLoader will create 6 worker processes in total. Our suggested max number of worker in current system is 4, which is smaller than what this DataLoader is going to create. Please be aware that excessive worker creation might get DataLoader running slow or even freeze, lower the worker number to avoid potential slowness/freeze if necessary.
  warnings.warn(_create_warning_msg(
wandb: Currently logged in as: fabulouspidgeon (sean-lim). Use `wandb login --relogin` to force relogin
wandb: Tracking run with wandb version 0.17.8
wandb: Run data is saved locally in /users/adfx758/Interns_2024/wandb/run-20241107_214607-v7w8497n
wandb: Run `wandb offline` to turn off syncing.
wandb: Syncing run logger-3Dim_1Orient_MNASNet1_0_True_8bins
wandb: ⭐️ View project at https://wandb.ai/sean-lim/Construction_3D
wandb: 🚀 View run at https://wandb.ai/sean-lim/Construction_3D/runs/v7w8497n
/users/adfx758/.pyenv/versions/Construction/lib/python3.12/site-packages/torch/utils/data/dataloader.py:557: UserWarning: This DataLoader will create 6 worker processes in total. Our suggested max number of worker in current system is 4, which is smaller than what this DataLoader is going to create. Please be aware that excessive worker creation might get DataLoader running slow or even freeze, lower the worker number to avoid potential slowness/freeze if necessary.
  warnings.warn(_create_warning_msg(
Traceback (most recent call last):
  File "/users/adfx758/Interns_2024/Train_myfunc_MNASNet1_0.py", line 159, in <module>
    main(config)
  File "/users/adfx758/Interns_2024/Train_myfunc_MNASNet1_0.py", line 100, in main
    train_epoch_avg_loss, train_epoch_avg_loss_ang, train_epoch_avg_loss_dim = train_loop(epoch, train_generator, model, loss_fn, device, optimizer, num_bins=num_angles, num_proposals=1, batch_size=batch_size)
                                                                               ^^^^^^^^^^^^^^^^^^^^^^^^^^^^^^^^^^^^^^^^^^^^^^^^^^^^^^^^^^^^^^^^^^^^^^^^^^^^^^^^^^^^^^^^^^^^^^^^^^^^^^^^^^^^^^^^^^^^^^^^^^^^^^^^^^
  File "/users/adfx758/Interns_2024/lib/train.py", line 31, in train_loop
    indexed_orientation=indexed_orientation.squeeze(-1).float().view(len(pred_orient))
                        ^^^^^^^^^^^^^^^^^^^^^^^^^^^^^^^^^^^^^^^^^^^^^^^^^^^^^^^^^^^^^^
RuntimeError: shape '[128]' is invalid for input of size 16
wandb: - 0.005 MB of 0.005 MB uploadedwandb: \ 0.005 MB of 0.009 MB uploadedwandb: | 0.009 MB of 0.009 MB uploadedwandb: 🚀 View run logger-3Dim_1Orient_MNASNet1_0_True_8bins at: https://wandb.ai/sean-lim/Construction_3D/runs/v7w8497n
wandb: ⭐️ View project at: https://wandb.ai/sean-lim/Construction_3D
wandb: Synced 5 W&B file(s), 0 media file(s), 0 artifact file(s) and 0 other file(s)
wandb: Find logs at: ./wandb/run-20241107_214607-v7w8497n/logs
wandb: WARNING The new W&B backend becomes opt-out in version 0.18.0; try it out with `wandb.require("core")`! See https://wandb.me/wandb-core for more information.
