[38;5;127mlibs[0m/[38;5;172mnvidia-cuda[0m/[38;5;67m11.2.0[0m/[38;5;68mbin[0m
 |
 [0;32mOK[0m
unknown option --3.12.1
usage: /users/adfx758/.pyenv/versions/Construction/bin/python [option] ... [-c cmd | -m mod | file | -] [arg] ...
Try `python -h' for more information.
/users/adfx758/.pyenv/versions/Construction/lib/python3.12/site-packages/torch/utils/data/dataloader.py:557: UserWarning: This DataLoader will create 6 worker processes in total. Our suggested max number of worker in current system is 4, which is smaller than what this DataLoader is going to create. Please be aware that excessive worker creation might get DataLoader running slow or even freeze, lower the worker number to avoid potential slowness/freeze if necessary.
  warnings.warn(_create_warning_msg(
wandb: Currently logged in as: fabulouspidgeon (sean-lim). Use `wandb login --relogin` to force relogin
wandb: Tracking run with wandb version 0.17.8
wandb: Run data is saved locally in /users/adfx758/Interns_2024/wandb/run-20241107_214751-l8swp7eq
wandb: Run `wandb offline` to turn off syncing.
wandb: Syncing run logger-3Dim_1Orient_MobileNet_V2_classification_8bins
wandb: ⭐️ View project at https://wandb.ai/sean-lim/Construction_3D
wandb: 🚀 View run at https://wandb.ai/sean-lim/Construction_3D/runs/l8swp7eq
/users/adfx758/Interns_2024/lib/utils.py:221: FutureWarning: You are using `torch.load` with `weights_only=False` (the current default value), which uses the default pickle module implicitly. It is possible to construct malicious pickle data which will execute arbitrary code during unpickling (See https://github.com/pytorch/pytorch/blob/main/SECURITY.md#untrusted-models for more details). In a future release, the default value for `weights_only` will be flipped to `True`. This limits the functions that could be executed during unpickling. Arbitrary objects will no longer be allowed to be loaded via this mode unless they are explicitly allowlisted by the user via `torch.serialization.add_safe_globals`. We recommend you start setting `weights_only=True` for any use case where you don't have full control of the loaded file. Please open an issue on GitHub for any issues related to this experimental feature.
  ckpt = torch.load(file_name, map_location=device)
Traceback (most recent call last):
  File "/users/adfx758/Interns_2024/Train_myfunc_MobileNet_V2.py", line 161, in <module>
    main(config)
  File "/users/adfx758/Interns_2024/Train_myfunc_MobileNet_V2.py", line 91, in main
    best_loss, ckpt_epoch = load_checkpoint(model, best_path, optimizer)
                            ^^^^^^^^^^^^^^^^^^^^^^^^^^^^^^^^^^^^^^^^^^^^
  File "/users/adfx758/Interns_2024/lib/utils.py", line 221, in load_checkpoint
    ckpt = torch.load(file_name, map_location=device)
           ^^^^^^^^^^^^^^^^^^^^^^^^^^^^^^^^^^^^^^^^^^
  File "/users/adfx758/.pyenv/versions/Construction/lib/python3.12/site-packages/torch/serialization.py", line 1072, in load
    with _open_zipfile_reader(opened_file) as opened_zipfile:
         ^^^^^^^^^^^^^^^^^^^^^^^^^^^^^^^^^
  File "/users/adfx758/.pyenv/versions/Construction/lib/python3.12/site-packages/torch/serialization.py", line 480, in __init__
    super().__init__(torch._C.PyTorchFileReader(name_or_buffer))
                     ^^^^^^^^^^^^^^^^^^^^^^^^^^^^^^^^^^^^^^^^^^
RuntimeError: PytorchStreamReader failed reading zip archive: failed finding central directory
wandb: - 0.005 MB of 0.005 MB uploadedwandb: \ 0.005 MB of 0.010 MB uploadedwandb: | 0.010 MB of 0.010 MB uploadedwandb: 🚀 View run logger-3Dim_1Orient_MobileNet_V2_classification_8bins at: https://wandb.ai/sean-lim/Construction_3D/runs/l8swp7eq
wandb: ⭐️ View project at: https://wandb.ai/sean-lim/Construction_3D
wandb: Synced 5 W&B file(s), 0 media file(s), 0 artifact file(s) and 0 other file(s)
wandb: Find logs at: ./wandb/run-20241107_214751-l8swp7eq/logs
wandb: WARNING The new W&B backend becomes opt-out in version 0.18.0; try it out with `wandb.require("core")`! See https://wandb.me/wandb-core for more information.
